<?xml version="1.0" encoding="UTF-8"?>
<testng-results ignored="0" total="3" passed="3" failed="0" skipped="0">
  <reporter-output>
  </reporter-output>
  <suite started-at="2024-05-28T20:28:24 IST" name="Suite" finished-at="2024-05-28T20:28:53 IST" duration-ms="29615">
    <groups>
    </groups>
    <test started-at="2024-05-28T20:28:24 IST" name="ErrorValidations Test" finished-at="2024-05-28T20:28:33 IST" duration-ms="9356">
      <class name="EPAM.Selenium.ErrorValidations">
        <test-method is-config="true" signature="launchApplication()[pri:0, instance:EPAM.Selenium.ErrorValidations@2c35e847]" started-at="2024-05-28T20:28:24 IST" name="launchApplication" finished-at="2024-05-28T20:28:31 IST" duration-ms="7575" status="PASS">
          <reporter-output>
          </reporter-output>
        </test-method> <!-- launchApplication -->
        <test-method signature="SubmitOrderTest()[pri:0, instance:EPAM.Selenium.ErrorValidations@2c35e847]" started-at="2024-05-28T20:28:31 IST" name="SubmitOrderTest" finished-at="2024-05-28T20:28:33 IST" duration-ms="1130" status="PASS">
          <reporter-output>
          </reporter-output>
        </test-method> <!-- SubmitOrderTest -->
        <test-method is-config="true" signature="tearDown()[pri:0, instance:EPAM.Selenium.ErrorValidations@2c35e847]" started-at="2024-05-28T20:28:33 IST" name="tearDown" finished-at="2024-05-28T20:28:33 IST" duration-ms="578" status="PASS">
          <reporter-output>
          </reporter-output>
        </test-method> <!-- tearDown -->
      </class> <!-- EPAM.Selenium.ErrorValidations -->
    </test> <!-- ErrorValidations Test -->
    <test started-at="2024-05-28T20:28:24 IST" name="SubmitOrderTest Test" finished-at="2024-05-28T20:28:53 IST" duration-ms="29615">
      <class name="EPAM.Selenium.SubmitOrderTest">
        <test-method is-config="true" signature="launchApplication()[pri:0, instance:EPAM.Selenium.SubmitOrderTest@229c6181]" started-at="2024-05-28T20:28:24 IST" name="launchApplication" finished-at="2024-05-28T20:28:33 IST" duration-ms="8672" status="PASS">
          <reporter-output>
          </reporter-output>
        </test-method> <!-- launchApplication -->
        <test-method signature="SubmitOrderTest()[pri:0, instance:EPAM.Selenium.SubmitOrderTest@229c6181]" started-at="2024-05-28T20:28:33 IST" name="SubmitOrderTest" finished-at="2024-05-28T20:28:48 IST" duration-ms="15361" status="PASS">
          <reporter-output>
          </reporter-output>
        </test-method> <!-- SubmitOrderTest -->
        <test-method is-config="true" signature="tearDown()[pri:0, instance:EPAM.Selenium.SubmitOrderTest@229c6181]" started-at="2024-05-28T20:28:48 IST" name="tearDown" finished-at="2024-05-28T20:28:48 IST" duration-ms="172" status="PASS">
          <reporter-output>
          </reporter-output>
        </test-method> <!-- tearDown -->
        <test-method is-config="true" signature="launchApplication()[pri:0, instance:EPAM.Selenium.SubmitOrderTest@229c6181]" started-at="2024-05-28T20:28:48 IST" name="launchApplication" finished-at="2024-05-28T20:28:52 IST" duration-ms="3763" status="PASS">
          <reporter-output>
          </reporter-output>
        </test-method> <!-- launchApplication -->
        <test-method signature="OrderHistoryTest()[pri:0, instance:EPAM.Selenium.SubmitOrderTest@229c6181]" started-at="2024-05-28T20:28:52 IST" name="OrderHistoryTest" finished-at="2024-05-28T20:28:53 IST" depends-on-methods="EPAM.Selenium.SubmitOrderTest.SubmitOrderTest" duration-ms="1258" status="PASS">
          <reporter-output>
          </reporter-output>
        </test-method> <!-- OrderHistoryTest -->
        <test-method is-config="true" signature="tearDown()[pri:0, instance:EPAM.Selenium.SubmitOrderTest@229c6181]" started-at="2024-05-28T20:28:53 IST" name="tearDown" finished-at="2024-05-28T20:28:53 IST" duration-ms="315" status="PASS">
          <reporter-output>
          </reporter-output>
        </test-method> <!-- tearDown -->
      </class> <!-- EPAM.Selenium.SubmitOrderTest -->
    </test> <!-- SubmitOrderTest Test -->
  </suite> <!-- Suite -->
</testng-results>
